<?xml version="1.0" encoding="UTF-8"?>
<!-- Generated by org.testng.reporters.JUnitReportReporter -->
<testsuite hostname="INDIA-Anurag" name="TCs.amazonTest" tests="1" failures="0" timestamp="29 Dec 2019 07:57:48 GMT" time="23.153" errors="0">
  <testcase name="a" time="23.153" classname="TCs.amazonTest"/>
</testsuite> <!-- TCs.amazonTest -->
